Regions: 4
->Before: 
countTop: 0
countBotton: 7
countLeft: 0
countRight: 7
->After: 
countTop: 0
countBotton: 7
countLeft: 0
countRight: 7


->Before: 
countTop: 0
countBotton: 7
countLeft: 0
countRight: 7
->After: 
countTop: 0
countBotton: 7
countLeft: 0
countRight: 7


->Before: 
countTop: 0
countBotton: 7
countLeft: 0
countRight: 7
->After: 
countTop: 0
countBotton: 7
countLeft: 0
countRight: 7


->Before: 
countTop: 0
countBotton: 7
countLeft: 0
countRight: 7
->After: 
countTop: 0
countBotton: 7
countLeft: 0
countRight: 7


->Before: 
countTop: 0
countBotton: 7
countLeft: 0
countRight: 7
->After: 
countTop: 0
countBotton: 7
countLeft: 0
countRight: 7


->Before: 
countTop: 0
countBotton: 7
countLeft: 0
countRight: 7
->After: 
countTop: 0
countBotton: 7
countLeft: 0
countRight: 7


->Before: 
countTop: 0
countBotton: 7
countLeft: 0
countRight: 7
->After: 
countTop: 0
countBotton: 7
countLeft: 0
countRight: 7


->Before: 
countTop: 0
countBotton: 7
countLeft: 0
countRight: 7
->After: 
countTop: 0
countBotton: 7
countLeft: 0
countRight: 7


->Before: 
countTop: 0
countBotton: 7
countLeft: 0
countRight: 7
->After: 
countTop: 0
countBotton: 7
countLeft: 0
countRight: 7


->Before: 
countTop: 0
countBotton: 7
countLeft: 0
countRight: 7
->After: 
countTop: 0
countBotton: 7
countLeft: 0
countRight: 7


->Before: 
countTop: 0
countBotton: 7
countLeft: 0
countRight: 7
->After: 
countTop: 0
countBotton: 7
countLeft: 0
countRight: 7


->Before: 
countTop: 0
countBotton: 7
countLeft: 0
countRight: 7
->After: 
countTop: 0
countBotton: 7
countLeft: 0
countRight: 7


->Before: 
countTop: 0
countBotton: 7
countLeft: 0
countRight: 7
->After: 
countTop: 0
countBotton: 7
countLeft: 0
countRight: 7


->Before: 
countTop: 0
countBotton: 7
countLeft: 0
countRight: 7
->After: 
countTop: 0
countBotton: 7
countLeft: 0
countRight: 7


->Before: 
countTop: 0
countBotton: 7
countLeft: 0
countRight: 7
->After: 
countTop: 0
countBotton: 7
countLeft: 0
countRight: 7


->Before: 
countTop: 0
countBotton: 7
countLeft: 0
countRight: 7
->After: 
countTop: 0
countBotton: 7
countLeft: 0
countRight: 7


->Before: 
countTop: 0
countBotton: 7
countLeft: 0
countRight: 7
->After: 
countTop: 0
countBotton: 7
countLeft: 0
countRight: 7


->Before: 
countTop: 0
countBotton: 7
countLeft: 0
countRight: 7
->After: 
countTop: 0
countBotton: 7
countLeft: 0
countRight: 7


->Before: 
countTop: 0
countBotton: 7
countLeft: 0
countRight: 7
->After: 
countTop: 0
countBotton: 7
countLeft: 0
countRight: 7


->Before: 
countTop: 0
countBotton: 7
countLeft: 0
countRight: 7
->After: 
countTop: 0
countBotton: 7
countLeft: 0
countRight: 7


->Before: 
countTop: 0
countBotton: 7
countLeft: 0
countRight: 7
->After: 
countTop: 0
countBotton: 7
countLeft: 0
countRight: 7


->Before: 
countTop: 0
countBotton: 7
countLeft: 0
countRight: 7
->After: 
countTop: 0
countBotton: 7
countLeft: 0
countRight: 7


->Before: 
countTop: 0
countBotton: 7
countLeft: 0
countRight: 7
->After: 
countTop: 0
countBotton: 7
countLeft: 0
countRight: 7


->Before: 
countTop: 0
countBotton: 7
countLeft: 0
countRight: 7
->After: 
countTop: 0
countBotton: 7
countLeft: 0
countRight: 7


->Before: 
countTop: 0
countBotton: 7
countLeft: 0
countRight: 7
->After: 
countTop: 0
countBotton: 7
countLeft: 0
countRight: 7


->Before: 
countTop: 0
countBotton: 7
countLeft: 0
countRight: 7
->After: 
countTop: 0
countBotton: 7
countLeft: 0
countRight: 7


->Before: 
countTop: 0
countBotton: 7
countLeft: 0
countRight: 7
->After: 
countTop: 0
countBotton: 7
countLeft: 0
countRight: 7


->Before: 
countTop: 0
countBotton: 7
countLeft: 0
countRight: 7
->After: 
countTop: 0
countBotton: 7
countLeft: 0
countRight: 7



# # # # # # # # 
# @ @ @ @ @ @ # 
# @ @ @ @ @ @ # 
# @ @ @ @ @ @ # 
# @ @ @ @ @ @ # 
# @ @ @ @ @ @ # 
# @ @ @ @ @ @ # 
# # # # # # # # 
