4 2 1 @3
8 2 1 @3
8 4 1 @3
8 4 2 @3
8 4 2 1 1 2 1 @3
1 4 1 @3
1 4 2 @3
1 4 2 1 1 8 1 @3
1 8 2 @3
1 8 2 1 1 8 4 @3
1 8 4 1 1 8 4 2 1 8 4 2 1 2 2 1 @3
2 4 1 @3
2 4 2 @3
2 4 2 1 2 8 1 @3
2 8 2 @3
2 8 2 1 2 8 4 @3
2 8 4 1 2 8 4 2 2 8 4 2 1 2 1 1 @3
2 1 2 @3
2 1 2 1 2 1 4 @3
2 1 4 1 2 1 4 2 2 1 4 2 1 2 1 8 @3
2 1 8 1 2 1 8 2 2 1 8 2 1 2 1 8 4 2 1 8 4 1 2 1 8 4 2 2 1 8 4 2 1 4 2 1 @3
4 4 1 @3
4 4 2 @3
4 4 2 1 4 8 1 @3
4 8 2 @3
4 8 2 1 4 8 4 @3
4 8 4 1 4 8 4 2 4 8 4 2 1 4 1 1 @3
4 1 2 @3
4 1 2 1 4 1 4 @3
4 1 4 1 4 1 4 2 4 1 4 2 1 4 1 8 @3
4 1 8 1 4 1 8 2 4 1 8 2 1 4 1 8 4 4 1 8 4 1 4 1 8 4 2 4 1 8 4 2 1 4 2 1 @3
4 2 2 @3
4 2 2 1 4 2 4 @3
4 2 4 1 4 2 4 2 4 2 4 2 1 4 2 8 @3
4 2 8 1 4 2 8 2 4 2 8 2 1 4 2 8 4 4 2 8 4 1 4 2 8 4 2 4 2 8 4 2 1 4 2 1 @3
4 2 1 1 4 2 1 2 4 2 1 2 1 4 2 1 4 4 2 1 4 1 4 2 1 4 2 4 2 1 4 2 1 4 2 1 8 4 2 1 8 1 4 2 1 8 2 4 2 1 8 2 1 4 2 1 8 4 4 2 1 8 4 1 4 2 1 8 4 2 4 2 1 8 4 2 1 8 2 1 @3
8 4 1 @3
8 4 2 @3
8 4 2 1 8 8 1 @3
8 8 2 @3
8 8 2 1 8 8 4 @3
8 8 4 1 8 8 4 2 8 8 4 2 1 8 1 1 @3
8 1 2 @3
8 1 2 1 8 1 4 @3
8 1 4 1 8 1 4 2 8 1 4 2 1 8 1 8 @3
8 1 8 1 8 1 8 2 8 1 8 2 1 8 1 8 4 8 1 8 4 1 8 1 8 4 2 8 1 8 4 2 1 8 2 1 @3
8 2 2 @3
8 2 2 1 8 2 4 @3
8 2 4 1 8 2 4 2 8 2 4 2 1 8 2 8 @3
8 2 8 1 8 2 8 2 8 2 8 2 1 8 2 8 4 8 2 8 4 1 8 2 8 4 2 8 2 8 4 2 1 8 2 1 @3
8 2 1 1 8 2 1 2 8 2 1 2 1 8 2 1 4 8 2 1 4 1 8 2 1 4 2 8 2 1 4 2 1 8 2 1 8 8 2 1 8 1 8 2 1 8 2 8 2 1 8 2 1 8 2 1 8 4 8 2 1 8 4 1 8 2 1 8 4 2 8 2 1 8 4 2 1 8 4 1 @3
8 4 2 @3
8 4 2 1 8 4 4 @3
8 4 4 1 8 4 4 2 8 4 4 2 1 8 4 8 @3
8 4 8 1 8 4 8 2 8 4 8 2 1 8 4 8 4 8 4 8 4 1 8 4 8 4 2 8 4 8 4 2 1 8 4 1 @3
8 4 1 1 8 4 1 2 8 4 1 2 1 8 4 1 4 8 4 1 4 1 8 4 1 4 2 8 4 1 4 2 1 8 4 1 8 8 4 1 8 1 8 4 1 8 2 8 4 1 8 2 1 8 4 1 8 4 8 4 1 8 4 1 8 4 1 8 4 2 8 4 1 8 4 2 1 8 4 2 @3
8 4 2 1 8 4 2 2 8 4 2 2 1 8 4 2 4 8 4 2 4 1 8 4 2 4 2 8 4 2 4 2 1 8 4 2 8 8 4 2 8 1 8 4 2 8 2 8 4 2 8 2 1 8 4 2 8 4 8 4 2 8 4 1 8 4 2 8 4 2 8 4 2 8 4 2 1 8 4 2 1 8 4 2 1 1 8 4 2 1 2 8 4 2 1 2 1 8 4 2 1 4 8 4 2 1 4 1 8 4 2 1 4 2 8 4 2 1 4 2 1 8 4 2 1 8 8 4 2 1 8 1 8 4 2 1 8 2 8 4 2 1 8 2 1 8 4 2 1 8 4 8 4 2 1 8 4 1 8 4 2 1 8 4 2 8 4 2 1 8 4 2 1 16 2 1 @3
16 4 1 @3
16 4 2 @3
16 4 2 1 16 8 1 @3
16 8 2 @3
16 8 2 1 16 8 4 @3
16 8 4 1 16 8 4 2 16 8 4 2 1 16 1 1 @3
16 1 2 @3
16 1 2 1 16 1 4 @3
16 1 4 1 16 1 4 2 16 1 4 2 1 16 1 8 @3
16 1 8 1 16 1 8 2 16 1 8 2 1 16 1 8 4 16 1 8 4 1 16 1 8 4 2 16 1 8 4 2 1 16 2 1 @3
16 2 2 @3
16 2 2 1 16 2 4 @3
16 2 4 1 16 2 4 2 16 2 4 2 1 16 2 8 @3
16 2 8 1 16 2 8 2 16 2 8 2 1 16 2 8 4 16 2 8 4 1 16 2 8 4 2 16 2 8 4 2 1 16 2 1 @3
16 2 1 1 16 2 1 2 16 2 1 2 1 16 2 1 4 16 2 1 4 1 16 2 1 4 2 16 2 1 4 2 1 16 2 1 8 16 2 1 8 1 16 2 1 8 2 16 2 1 8 2 1 16 2 1 8 4 16 2 1 8 4 1 16 2 1 8 4 2 16 2 1 8 4 2 1 16 4 1 @3
16 4 2 @3
16 4 2 1 16 4 4 @3
16 4 4 1 16 4 4 2 16 4 4 2 1 16 4 8 @3
16 4 8 1 16 4 8 2 16 4 8 2 1 16 4 8 4 16 4 8 4 1 16 4 8 4 2 16 4 8 4 2 1 16 4 1 @3
16 4 1 1 16 4 1 2 16 4 1 2 1 16 4 1 4 16 4 1 4 1 16 4 1 4 2 16 4 1 4 2 1 16 4 1 8 16 4 1 8 1 16 4 1 8 2 16 4 1 8 2 1 16 4 1 8 4 16 4 1 8 4 1 16 4 1 8 4 2 16 4 1 8 4 2 1 16 4 2 @3
16 4 2 1 16 4 2 2 16 4 2 2 1 16 4 2 4 16 4 2 4 1 16 4 2 4 2 16 4 2 4 2 1 16 4 2 8 16 4 2 8 1 16 4 2 8 2 16 4 2 8 2 1 16 4 2 8 4 16 4 2 8 4 1 16 4 2 8 4 2 16 4 2 8 4 2 1 16 4 2 1 16 4 2 1 1 16 4 2 1 2 16 4 2 1 2 1 16 4 2 1 4 16 4 2 1 4 1 16 4 2 1 4 2 16 4 2 1 4 2 1 16 4 2 1 8 16 4 2 1 8 1 16 4 2 1 8 2 16 4 2 1 8 2 1 16 4 2 1 8 4 16 4 2 1 8 4 1 16 4 2 1 8 4 2 16 4 2 1 8 4 2 1 16 8 1 @3
16 8 2 @3
16 8 2 1 16 8 4 @3
16 8 4 1 16 8 4 2 16 8 4 2 1 16 8 8 @3
16 8 8 1 16 8 8 2 16 8 8 2 1 16 8 8 4 16 8 8 4 1 16 8 8 4 2 16 8 8 4 2 1 16 8 1 @3
16 8 1 1 16 8 1 2 16 8 1 2 1 16 8 1 4 16 8 1 4 1 16 8 1 4 2 16 8 1 4 2 1 16 8 1 8 16 8 1 8 1 16 8 1 8 2 16 8 1 8 2 1 16 8 1 8 4 16 8 1 8 4 1 16 8 1 8 4 2 16 8 1 8 4 2 1 16 8 2 @3
16 8 2 1 16 8 2 2 16 8 2 2 1 16 8 2 4 16 8 2 4 1 16 8 2 4 2 16 8 2 4 2 1 16 8 2 8 16 8 2 8 1 16 8 2 8 2 16 8 2 8 2 1 16 8 2 8 4 16 8 2 8 4 1 16 8 2 8 4 2 16 8 2 8 4 2 1 16 8 2 1 16 8 2 1 1 16 8 2 1 2 16 8 2 1 2 1 16 8 2 1 4 16 8 2 1 4 1 16 8 2 1 4 2 16 8 2 1 4 2 1 16 8 2 1 8 16 8 2 1 8 1 16 8 2 1 8 2 16 8 2 1 8 2 1 16 8 2 1 8 4 16 8 2 1 8 4 1 16 8 2 1 8 4 2 16 8 2 1 8 4 2 1 16 8 4 @3
16 8 4 1 16 8 4 2 16 8 4 2 1 16 8 4 4 16 8 4 4 1 16 8 4 4 2 16 8 4 4 2 1 16 8 4 8 16 8 4 8 1 16 8 4 8 2 16 8 4 8 2 1 16 8 4 8 4 16 8 4 8 4 1 16 8 4 8 4 2 16 8 4 8 4 2 1 16 8 4 1 16 8 4 1 1 16 8 4 1 2 16 8 4 1 2 1 16 8 4 1 4 16 8 4 1 4 1 16 8 4 1 4 2 16 8 4 1 4 2 1 16 8 4 1 8 16 8 4 1 8 1 16 8 4 1 8 2 16 8 4 1 8 2 1 16 8 4 1 8 4 16 8 4 1 8 4 1 16 8 4 1 8 4 2 16 8 4 1 8 4 2 1 16 8 4 2 16 8 4 2 1 16 8 4 2 2 16 8 4 2 2 1 16 8 4 2 4 16 8 4 2 4 1 16 8 4 2 4 2 16 8 4 2 4 2 1 16 8 4 2 8 16 8 4 2 8 1 16 8 4 2 8 2 16 8 4 2 8 2 1 16 8 4 2 8 4 16 8 4 2 8 4 1 16 8 4 2 8 4 2 16 8 4 2 8 4 2 1 16 8 4 2 1 16 8 4 2 1 1 16 8 4 2 1 2 16 8 4 2 1 2 1 16 8 4 2 1 4 16 8 4 2 1 4 1 16 8 4 2 1 4 2 16 8 4 2 1 4 2 1 16 8 4 2 1 8 16 8 4 2 1 8 1 16 8 4 2 1 8 2 16 8 4 2 1 8 2 1 16 8 4 2 1 8 4 16 8 4 2 1 8 4 1 16 8 4 2 1 8 4 2 16 8 4 2 1 8 4 2 1 32 2 1 @3
32 4 1 @3
32 4 2 @3
32 4 2 1 32 8 1 @3
32 8 2 @3
32 8 2 1 32 8 4 @3
32 8 4 1 32 8 4 2 32 8 4 2 1 32 1 1 @3
32 1 2 @3
32 1 2 1 32 1 4 @3
32 1 4 1 32 1 4 2 32 1 4 2 1 32 1 8 @3
32 1 8 1 32 1 8 2 32 1 8 2 1 32 1 8 4 32 1 8 4 1 32 1 8 4 2 32 1 8 4 2 1 32 2 1 @3
32 2 2 @3
32 2 2 1 32 2 4 @3
32 2 4 1 32 2 4 2 32 2 4 2 1 32 2 8 @3
32 2 8 1 32 2 8 2 32 2 8 2 1 32 2 8 4 32 2 8 4 1 32 2 8 4 2 32 2 8 4 2 1 32 2 1 @3
32 2 1 1 32 2 1 2 32 2 1 2 1 32 2 1 4 32 2 1 4 1 32 2 1 4 2 32 2 1 4 2 1 32 2 1 8 32 2 1 8 1 32 2 1 8 2 32 2 1 8 2 1 32 2 1 8 4 32 2 1 8 4 1 32 2 1 8 4 2 32 2 1 8 4 2 1 32 4 1 @3
32 4 2 @3
32 4 2 1 32 4 4 @3
32 4 4 1 32 4 4 2 32 4 4 2 1 32 4 8 @3
32 4 8 1 32 4 8 2 32 4 8 2 1 32 4 8 4 32 4 8 4 1 32 4 8 4 2 32 4 8 4 2 1 32 4 1 @3
32 4 1 1 32 4 1 2 32 4 1 2 1 32 4 1 4 32 4 1 4 1 32 4 1 4 2 32 4 1 4 2 1 32 4 1 8 32 4 1 8 1 32 4 1 8 2 32 4 1 8 2 1 32 4 1 8 4 32 4 1 8 4 1 32 4 1 8 4 2 32 4 1 8 4 2 1 32 4 2 @3
32 4 2 1 32 4 2 2 32 4 2 2 1 32 4 2 4 32 4 2 4 1 32 4 2 4 2 32 4 2 4 2 1 32 4 2 8 32 4 2 8 1 32 4 2 8 2 32 4 2 8 2 1 32 4 2 8 4 32 4 2 8 4 1 32 4 2 8 4 2 32 4 2 8 4 2 1 32 4 2 1 32 4 2 1 1 32 4 2 1 2 32 4 2 1 2 1 32 4 2 1 4 32 4 2 1 4 1 32 4 2 1 4 2 32 4 2 1 4 2 1 32 4 2 1 8 32 4 2 1 8 1 32 4 2 1 8 2 32 4 2 1 8 2 1 32 4 2 1 8 4 32 4 2 1 8 4 1 32 4 2 1 8 4 2 32 4 2 1 8 4 2 1 32 8 1 @3
32 8 2 @3
32 8 2 1 32 8 4 @3
32 8 4 1 32 8 4 2 32 8 4 2 1 32 8 8 @3
32 8 8 1 32 8 8 2 32 8 8 2 1 32 8 8 4 32 8 8 4 1 32 8 8 4 2 32 8 8 4 2 1 32 8 1 @3
32 8 1 1 32 8 1 2 32 8 1 2 1 32 8 1 4 32 8 1 4 1 32 8 1 4 2 32 8 1 4 2 1 32 8 1 8 32 8 1 8 1 32 8 1 8 2 32 8 1 8 2 1 32 8 1 8 4 32 8 1 8 4 1 32 8 1 8 4 2 32 8 1 8 4 2 1 32 8 2 @3
32 8 2 1 32 8 2 2 32 8 2 2 1 32 8 2 4 32 8 2 4 1 32 8 2 4 2 32 8 2 4 2 1 32 8 2 8 32 8 2 8 1 32 8 2 8 2 32 8 2 8 2 1 32 8 2 8 4 32 8 2 8 4 1 32 8 2 8 4 2 32 8 2 8 4 2 1 32 8 2 1 32 8 2 1 1 32 8 2 1 2 32 8 2 1 2 1 32 8 2 1 4 32 8 2 1 4 1 32 8 2 1 4 2 32 8 2 1 4 2 1 32 8 2 1 8 32 8 2 1 8 1 32 8 2 1 8 2 32 8 2 1 8 2 1 32 8 2 1 8 4 32 8 2 1 8 4 1 32 8 2 1 8 4 2 32 8 2 1 8 4 2 1 32 8 4 @3
32 8 4 1 32 8 4 2 32 8 4 2 1 32 8 4 4 32 8 4 4 1 32 8 4 4 2 32 8 4 4 2 1 32 8 4 8 32 8 4 8 1 32 8 4 8 2 32 8 4 8 2 1 32 8 4 8 4 32 8 4 8 4 1 32 8 4 8 4 2 32 8 4 8 4 2 1 32 8 4 1 32 8 4 1 1 32 8 4 1 2 32 8 4 1 2 1 32 8 4 1 4 32 8 4 1 4 1 32 8 4 1 4 2 32 8 4 1 4 2 1 32 8 4 1 8 32 8 4 1 8 1 32 8 4 1 8 2 32 8 4 1 8 2 1 32 8 4 1 8 4 32 8 4 1 8 4 1 32 8 4 1 8 4 2 32 8 4 1 8 4 2 1 32 8 4 2 32 8 4 2 1 32 8 4 2 2 32 8 4 2 2 1 32 8 4 2 4 32 8 4 2 4 1 32 8 4 2 4 2 32 8 4 2 4 2 1 32 8 4 2 8 32 8 4 2 8 1 32 8 4 2 8 2 32 8 4 2 8 2 1 32 8 4 2 8 4 32 8 4 2 8 4 1 32 8 4 2 8 4 2 32 8 4 2 8 4 2 1 32 8 4 2 1 32 8 4 2 1 1 32 8 4 2 1 2 32 8 4 2 1 2 1 32 8 4 2 1 4 32 8 4 2 1 4 1 32 8 4 2 1 4 2 32 8 4 2 1 4 2 1 32 8 4 2 1 8 32 8 4 2 1 8 1 32 8 4 2 1 8 2 32 8 4 2 1 8 2 1 32 8 4 2 1 8 4 32 8 4 2 1 8 4 1 32 8 4 2 1 8 4 2 32 8 4 2 1 8 4 2 1 32 16 1 @3
32 16 2 @3
32 16 2 1 32 16 4 @3
32 16 4 1 32 16 4 2 32 16 4 2 1 32 16 8 @3
32 16 8 1 32 16 8 2 32 16 8 2 1 32 16 8 4 32 16 8 4 1 32 16 8 4 2 32 16 8 4 2 1 32 16 1 @3
32 16 1 1 32 16 1 2 32 16 1 2 1 32 16 1 4 32 16 1 4 1 32 16 1 4 2 32 16 1 4 2 1 32 16 1 8 32 16 1 8 1 32 16 1 8 2 32 16 1 8 2 1 32 16 1 8 4 32 16 1 8 4 1 32 16 1 8 4 2 32 16 1 8 4 2 1 32 16 2 @3
32 16 2 1 32 16 2 2 32 16 2 2 1 32 16 2 4 32 16 2 4 1 32 16 2 4 2 32 16 2 4 2 1 32 16 2 8 32 16 2 8 1 32 16 2 8 2 32 16 2 8 2 1 32 16 2 8 4 32 16 2 8 4 1 32 16 2 8 4 2 32 16 2 8 4 2 1 32 16 2 1 32 16 2 1 1 32 16 2 1 2 32 16 2 1 2 1 32 16 2 1 4 32 16 2 1 4 1 32 16 2 1 4 2 32 16 2 1 4 2 1 32 16 2 1 8 32 16 2 1 8 1 32 16 2 1 8 2 32 16 2 1 8 2 1 32 16 2 1 8 4 32 16 2 1 8 4 1 32 16 2 1 8 4 2 32 16 2 1 8 4 2 1 32 16 4 @3
32 16 4 1 32 16 4 2 32 16 4 2 1 32 16 4 4 32 16 4 4 1 32 16 4 4 2 32 16 4 4 2 1 32 16 4 8 32 16 4 8 1 32 16 4 8 2 32 16 4 8 2 1 32 16 4 8 4 32 16 4 8 4 1 32 16 4 8 4 2 32 16 4 8 4 2 1 32 16 4 1 32 16 4 1 1 32 16 4 1 2 32 16 4 1 2 1 32 16 4 1 4 32 16 4 1 4 1 32 16 4 1 4 2 32 16 4 1 4 2 1 32 16 4 1 8 32 16 4 1 8 1 32 16 4 1 8 2 32 16 4 1 8 2 1 32 16 4 1 8 4 32 16 4 1 8 4 1 32 16 4 1 8 4 2 32 16 4 1 8 4 2 1 32 16 4 2 32 16 4 2 1 32 16 4 2 2 32 16 4 2 2 1 32 16 4 2 4 32 16 4 2 4 1 32 16 4 2 4 2 32 16 4 2 4 2 1 32 16 4 2 8 32 16 4 2 8 1 32 16 4 2 8 2 32 16 4 2 8 2 1 32 16 4 2 8 4 32 16 4 2 8 4 1 32 16 4 2 8 4 2 32 16 4 2 8 4 2 1 32 16 4 2 1 32 16 4 2 1 1 32 16 4 2 1 2 32 16 4 2 1 2 1 32 16 4 2 1 4 32 16 4 2 1 4 1 32 16 4 2 1 4 2 32 16 4 2 1 4 2 1 32 16 4 2 1 8 32 16 4 2 1 8 1 32 16 4 2 1 8 2 32 16 4 2 1 8 2 1 32 16 4 2 1 8 4 32 16 4 2 1 8 4 1 32 16 4 2 1 8 4 2 32 16 4 2 1 8 4 2 1 32 16 8 @3
32 16 8 1 32 16 8 2 32 16 8 2 1 32 16 8 4 32 16 8 4 1 32 16 8 4 2 32 16 8 4 2 1 32 16 8 8 32 16 8 8 1 32 16 8 8 2 32 16 8 8 2 1 32 16 8 8 4 32 16 8 8 4 1 32 16 8 8 4 2 32 16 8 8 4 2 1 32 16 8 1 32 16 8 1 1 32 16 8 1 2 32 16 8 1 2 1 32 16 8 1 4 32 16 8 1 4 1 32 16 8 1 4 2 32 16 8 1 4 2 1 32 16 8 1 8 32 16 8 1 8 1 32 16 8 1 8 2 32 16 8 1 8 2 1 32 16 8 1 8 4 32 16 8 1 8 4 1 32 16 8 1 8 4 2 32 16 8 1 8 4 2 1 32 16 8 2 32 16 8 2 1 32 16 8 2 2 32 16 8 2 2 1 32 16 8 2 4 32 16 8 2 4 1 32 16 8 2 4 2 32 16 8 2 4 2 1 32 16 8 2 8 32 16 8 2 8 1 32 16 8 2 8 2 32 16 8 2 8 2 1 32 16 8 2 8 4 32 16 8 2 8 4 1 32 16 8 2 8 4 2 32 16 8 2 8 4 2 1 32 16 8 2 1 32 16 8 2 1 1 32 16 8 2 1 2 32 16 8 2 1 2 1 32 16 8 2 1 4 32 16 8 2 1 4 1 32 16 8 2 1 4 2 32 16 8 2 1 4 2 1 32 16 8 2 1 8 32 16 8 2 1 8 1 32 16 8 2 1 8 2 32 16 8 2 1 8 2 1 32 16 8 2 1 8 4 32 16 8 2 1 8 4 1 32 16 8 2 1 8 4 2 32 16 8 2 1 8 4 2 1 32 16 8 4 32 16 8 4 1 32 16 8 4 2 32 16 8 4 2 1 32 16 8 4 4 32 16 8 4 4 1 32 16 8 4 4 2 32 16 8 4 4 2 1 32 16 8 4 8 32 16 8 4 8 1 32 16 8 4 8 2 32 16 8 4 8 2 1 32 16 8 4 8 4 32 16 8 4 8 4 1 32 16 8 4 8 4 2 32 16 8 4 8 4 2 1 32 16 8 4 1 32 16 8 4 1 1 32 16 8 4 1 2 32 16 8 4 1 2 1 32 16 8 4 1 4 32 16 8 4 1 4 1 32 16 8 4 1 4 2 32 16 8 4 1 4 2 1 32 16 8 4 1 8 32 16 8 4 1 8 1 32 16 8 4 1 8 2 32 16 8 4 1 8 2 1 32 16 8 4 1 8 4 32 16 8 4 1 8 4 1 32 16 8 4 1 8 4 2 32 16 8 4 1 8 4 2 1 32 16 8 4 2 32 16 8 4 2 1 32 16 8 4 2 2 32 16 8 4 2 2 1 32 16 8 4 2 4 32 16 8 4 2 4 1 32 16 8 4 2 4 2 32 16 8 4 2 4 2 1 32 16 8 4 2 8 32 16 8 4 2 8 1 32 16 8 4 2 8 2 32 16 8 4 2 8 2 1 32 16 8 4 2 8 4 32 16 8 4 2 8 4 1 32 16 8 4 2 8 4 2 32 16 8 4 2 8 4 2 1 32 16 8 4 2 1 32 16 8 4 2 1 1 32 16 8 4 2 1 2 32 16 8 4 2 1 2 1 32 16 8 4 2 1 4 32 16 8 4 2 1 4 1 32 16 8 4 2 1 4 2 32 16 8 4 2 1 4 2 1 32 16 8 4 2 1 8 32 16 8 4 2 1 8 1 32 16 8 4 2 1 8 2 32 16 8 4 2 1 8 2 1 32 16 8 4 2 1 8 4 32 16 8 4 2 1 8 4 1 32 16 8 4 2 1 8 4 2 32 16 8 4 2 1 8 4 2 1 